<?xml version="1.0" encoding="UTF-8"?>
<testsuite xmlns:xsi="http://www.w3.org/2001/XMLSchema-instance" xsi:noNamespaceSchemaLocation="https://maven.apache.org/surefire/maven-surefire-plugin/xsd/surefire-test-report.xsd" version="3.0.2" name="TestSuite" time="55.57" tests="7" errors="0" skipped="0" failures="0">
  <properties>
[...]
</properties>
  <testcase name="runScenario[&quot;Login with valid credentials&quot;, &quot;Login Functionality&quot;](1)" classname="runner.TestRunner" time="7.568">
    <system-out><![CDATA[18:04:18.451 [main] DEBUG org.testng.TestNG - suiteXmlPath: "F:\Vijay's training\Testing Training\Automation testing\E-com_Porject\testng.xml"

@login @all @login @validcredentials @smoke @dev
Scenario Outline: Login with valid credentials           &amp#27;[90m# src/test/resources/features/login.feature:16&amp#27;[0m
>> User navigated to the login page <<
  &amp#27;[32mGiven &amp#27;[0m&amp#27;[32mUser navigates to the login page&amp#27;[0m                 &amp#27;[90m# stepdefinitions.LogiDef.User_navigates_to_the_login_page()&amp#27;[0m
>> User enterd the valid email address <<
  &amp#27;[32mWhen &amp#27;[0m&amp#27;[32mUser enters the valid email address &amp#27;[0m&amp#27;[32m&amp#27;[1mak@sample.com&amp#27;[0m &amp#27;[90m# stepdefinitions.LogiDef.User_enters_the_valid_email_address(java.lang.String)&amp#27;[0m
>> User enterd the valid password <<
  &amp#27;[32mAnd &amp#27;[0m&amp#27;[32mValid password &amp#27;[0m&amp#27;[32m&amp#27;[1m<psassword>&amp#27;[0m                         &amp#27;[90m# stepdefinitions.LogiDef.User_enters_the_Valid_password(java.lang.String)&amp#27;[0m
>> User clicked on the login button <<
  &amp#27;[32mAnd &amp#27;[0m&amp#27;[32mClicks on login button&amp#27;[0m                             &amp#27;[90m# stepdefinitions.LogiDef.clicks_on_login_button()&amp#27;[0m
>> User got logged in successfully<<
  &amp#27;[32mThen &amp#27;[0m&amp#27;[32mUser should get logged in successfully&amp#27;[0m            &amp#27;[90m# stepdefinitions.LogiDef.User_should_get_logged_in_successfully()&amp#27;[0m
]]></system-out>
  </testcase>
  <testcase name="runScenario[&quot;Login with valid credentials&quot;, &quot;Login Functionality&quot;](2)" classname="runner.TestRunner" time="6.735">
    <system-out><![CDATA[
@login @all @login @validcredentials @smoke @dev
Scenario Outline: Login with valid credentials           &amp#27;[90m# src/test/resources/features/login.feature:17&amp#27;[0m
>> User navigated to the login page <<
  &amp#27;[32mGiven &amp#27;[0m&amp#27;[32mUser navigates to the login page&amp#27;[0m                 &amp#27;[90m# stepdefinitions.LogiDef.User_navigates_to_the_login_page()&amp#27;[0m
>> User enterd the valid email address <<
  &amp#27;[32mWhen &amp#27;[0m&amp#27;[32mUser enters the valid email address &amp#27;[0m&amp#27;[32m&amp#27;[1mbk@sample.com&amp#27;[0m &amp#27;[90m# stepdefinitions.LogiDef.User_enters_the_valid_email_address(java.lang.String)&amp#27;[0m
>> User enterd the valid password <<
  &amp#27;[32mAnd &amp#27;[0m&amp#27;[32mValid password &amp#27;[0m&amp#27;[32m&amp#27;[1m<psassword>&amp#27;[0m                         &amp#27;[90m# stepdefinitions.LogiDef.User_enters_the_Valid_password(java.lang.String)&amp#27;[0m
>> User clicked on the login button <<
  &amp#27;[32mAnd &amp#27;[0m&amp#27;[32mClicks on login button&amp#27;[0m                             &amp#27;[90m# stepdefinitions.LogiDef.clicks_on_login_button()&amp#27;[0m
>> User got logged in successfully<<
  &amp#27;[32mThen &amp#27;[0m&amp#27;[32mUser should get logged in successfully&amp#27;[0m            &amp#27;[90m# stepdefinitions.LogiDef.User_should_get_logged_in_successfully()&amp#27;[0m
]]></system-out>
  </testcase>
  <testcase name="runScenario[&quot;Login with valid credentials&quot;, &quot;Login Functionality&quot;](3)" classname="runner.TestRunner" time="10.02">
    <system-out><![CDATA[
@login @all @login @validcredentials @smoke @dev
Scenario Outline: Login with valid credentials           &amp#27;[90m# src/test/resources/features/login.feature:18&amp#27;[0m
>> User navigated to the login page <<
  &amp#27;[32mGiven &amp#27;[0m&amp#27;[32mUser navigates to the login page&amp#27;[0m                 &amp#27;[90m# stepdefinitions.LogiDef.User_navigates_to_the_login_page()&amp#27;[0m
>> User enterd the valid email address <<
  &amp#27;[32mWhen &amp#27;[0m&amp#27;[32mUser enters the valid email address &amp#27;[0m&amp#27;[32m&amp#27;[1mck@sample.com&amp#27;[0m &amp#27;[90m# stepdefinitions.LogiDef.User_enters_the_valid_email_address(java.lang.String)&amp#27;[0m
>> User enterd the valid password <<
  &amp#27;[32mAnd &amp#27;[0m&amp#27;[32mValid password &amp#27;[0m&amp#27;[32m&amp#27;[1m<psassword>&amp#27;[0m                         &amp#27;[90m# stepdefinitions.LogiDef.User_enters_the_Valid_password(java.lang.String)&amp#27;[0m
>> User clicked on the login button <<
  &amp#27;[32mAnd &amp#27;[0m&amp#27;[32mClicks on login button&amp#27;[0m                             &amp#27;[90m# stepdefinitions.LogiDef.clicks_on_login_button()&amp#27;[0m
>> User got logged in successfully<<
  &amp#27;[32mThen &amp#27;[0m&amp#27;[32mUser should get logged in successfully&amp#27;[0m            &amp#27;[90m# stepdefinitions.LogiDef.User_should_get_logged_in_successfully()&amp#27;[0m
]]></system-out>
  </testcase>
  <testcase name="runScenario[&quot;Login with invalid credentials&quot;, &quot;Login Functionality&quot;](4)" classname="runner.TestRunner" time="7.127">
    <system-out><![CDATA[
@login @all @login @invalidcredentials @smoke
Scenario: Login with invalid credentials                             &amp#27;[90m# src/test/resources/features/login.feature:21&amp#27;[0m
>> User navigated to the login page <<
  &amp#27;[32mGiven &amp#27;[0m&amp#27;[32mUser navigates to the login page&amp#27;[0m                             &amp#27;[90m# stepdefinitions.LogiDef.User_navigates_to_the_login_page()&amp#27;[0m
>> User entered the invalid email address: 
  &amp#27;[32mWhen &amp#27;[0m&amp#27;[32mUser enters the invalid email address &amp#27;[0m&amp#27;[32m&amp#27;[1m"amatooricap@gmail.com"&amp#27;[0m &amp#27;[90m# stepdefinitions.LogiDef.user_enters_the_invalid_email_address(java.lang.String)&amp#27;[0m
>> User entered the invalid password: 
  &amp#27;[32mAnd &amp#27;[0m&amp#27;[32mInvalid Password &amp#27;[0m&amp#27;[32m&amp#27;[1m"1234"&amp#27;[0m                                        &amp#27;[90m# stepdefinitions.LogiDef.invalid_password(java.lang.String)&amp#27;[0m
>> User clicked on the login button <<
  &amp#27;[32mAnd &amp#27;[0m&amp#27;[32mClicks on login button&amp#27;[0m                                         &amp#27;[90m# stepdefinitions.LogiDef.clicks_on_login_button()&amp#27;[0m
>> User failed to log in <<
  &amp#27;[32mThen &amp#27;[0m&amp#27;[32mUser should not get logged in&amp#27;[0m                                 &amp#27;[90m# stepdefinitions.LogiDef.user_should_not_get_logged_in()&amp#27;[0m
>> User sees a warning message <<
  &amp#27;[32mAnd &amp#27;[0m&amp#27;[32mUser should get warning message&amp#27;[0m                                &amp#27;[90m# stepdefinitions.LogiDef.user_should_get_warning_message()&amp#27;[0m
]]></system-out>
  </testcase>
  <testcase name="runScenario[&quot;Login with invalid email address and valid password&quot;, &quot;Login Functionality&quot;](5)" classname="runner.TestRunner" time="6.236">
    <system-out><![CDATA[
@login @all @login @invalidemailaddress @smoke @regression @wip
Scenario: Login with invalid email address and valid password        &amp#27;[90m# src/test/resources/features/login.feature:29&amp#27;[0m
>> User navigated to the login page <<
  &amp#27;[32mGiven &amp#27;[0m&amp#27;[32mUser navigates to the login page&amp#27;[0m                             &amp#27;[90m# stepdefinitions.LogiDef.User_navigates_to_the_login_page()&amp#27;[0m
>> User entered the invalid email address: 
  &amp#27;[32mWhen &amp#27;[0m&amp#27;[32mUser enters the invalid email address &amp#27;[0m&amp#27;[32m&amp#27;[1m"amatooricap@gmail.com"&amp#27;[0m &amp#27;[90m# stepdefinitions.LogiDef.user_enters_the_invalid_email_address(java.lang.String)&amp#27;[0m
>> User enterd the valid password1 <<
  &amp#27;[32mAnd &amp#27;[0m&amp#27;[32mValid password1 &amp#27;[0m&amp#27;[32m&amp#27;[1m"Ak@1234#"&amp#27;[0m                                     &amp#27;[90m# stepdefinitions.LogiDef.User_enters_the_Valid_password1(java.lang.String)&amp#27;[0m
>> User clicked on the login button <<
  &amp#27;[32mAnd &amp#27;[0m&amp#27;[32mClicks on login button&amp#27;[0m                                         &amp#27;[90m# stepdefinitions.LogiDef.clicks_on_login_button()&amp#27;[0m
>> User failed to log in <<
  &amp#27;[32mThen &amp#27;[0m&amp#27;[32mUser should not get logged in&amp#27;[0m                                 &amp#27;[90m# stepdefinitions.LogiDef.user_should_not_get_logged_in()&amp#27;[0m
>> User sees a warning message <<
  &amp#27;[32mAnd &amp#27;[0m&amp#27;[32mUser should get warning message&amp#27;[0m                                &amp#27;[90m# stepdefinitions.LogiDef.user_should_get_warning_message()&amp#27;[0m
]]></system-out>
  </testcase>
  <testcase name="runScenario[&quot;Login with valid email address and invalid password&quot;, &quot;Login Functionality&quot;](6)" classname="runner.TestRunner" time="8.195">
    <system-out><![CDATA[
@login @all @login @validemailaddressandinvalidpassword @smoke
Scenario: Login with valid email address and invalid password &amp#27;[90m# src/test/resources/features/login.feature:37&amp#27;[0m
>> User navigated to the login page <<
  &amp#27;[32mGiven &amp#27;[0m&amp#27;[32mUser navigates to the login page&amp#27;[0m                      &amp#27;[90m# stepdefinitions.LogiDef.User_navigates_to_the_login_page()&amp#27;[0m
>> User enterd the valid email1 address <<
  &amp#27;[32mWhen &amp#27;[0m&amp#27;[32mUser enters the valid email1 address &amp#27;[0m&amp#27;[32m&amp#27;[1m"ak@sample.com "&amp#27;[0m  &amp#27;[90m# stepdefinitions.LogiDef.User_enters_the_valid_email1_address(java.lang.String)&amp#27;[0m
>> User entered the invalid password: 
  &amp#27;[32mAnd &amp#27;[0m&amp#27;[32mInvalid Password &amp#27;[0m&amp#27;[32m&amp#27;[1m"12345"&amp#27;[0m                                &amp#27;[90m# stepdefinitions.LogiDef.invalid_password(java.lang.String)&amp#27;[0m
>> User clicked on the login button <<
  &amp#27;[32mAnd &amp#27;[0m&amp#27;[32mClicks on login button&amp#27;[0m                                  &amp#27;[90m# stepdefinitions.LogiDef.clicks_on_login_button()&amp#27;[0m
>> User failed to log in <<
  &amp#27;[32mThen &amp#27;[0m&amp#27;[32mUser should not get logged in&amp#27;[0m                          &amp#27;[90m# stepdefinitions.LogiDef.user_should_not_get_logged_in()&amp#27;[0m
>> User sees a warning message <<
  &amp#27;[32mAnd &amp#27;[0m&amp#27;[32mUser should get warning message&amp#27;[0m                         &amp#27;[90m# stepdefinitions.LogiDef.user_should_get_warning_message()&amp#27;[0m
]]></system-out>
  </testcase>
  <testcase name="runScenario[&quot;Login without providing any credentials&quot;, &quot;Login Functionality&quot;](7)" classname="runner.TestRunner" time="5.911">
    <system-out><![CDATA[
@login @all @login @withoutprovidinganycredentials @regression @ignore
Scenario: Login without providing any credentials &amp#27;[90m# src/test/resources/features/login.feature:45&amp#27;[0m
>> User navigated to the login page <<
  &amp#27;[32mGiven &amp#27;[0m&amp#27;[32mUser navigates to the login page&amp#27;[0m          &amp#27;[90m# stepdefinitions.LogiDef.User_navigates_to_the_login_page()&amp#27;[0m
>> User did not enter the email <<
  &amp#27;[32mWhen &amp#27;[0m&amp#27;[32mUser does not enter the email address&amp#27;[0m      &amp#27;[90m# stepdefinitions.LogiDef.user_does_not_enter_the_email_address()&amp#27;[0m
>> User did not enter the password <<
  &amp#27;[32mAnd &amp#27;[0m&amp#27;[32mUser does not enter the password&amp#27;[0m            &amp#27;[90m# stepdefinitions.LogiDef.user_does_not_enter_the_password()&amp#27;[0m
>> User clicked on the login button <<
  &amp#27;[32mAnd &amp#27;[0m&amp#27;[32mClicks on login button&amp#27;[0m                      &amp#27;[90m# stepdefinitions.LogiDef.clicks_on_login_button()&amp#27;[0m
>> User failed to log in <<
  &amp#27;[32mThen &amp#27;[0m&amp#27;[32mUser should not get logged in&amp#27;[0m              &amp#27;[90m# stepdefinitions.LogiDef.user_should_not_get_logged_in()&amp#27;[0m
>> User sees a warning message <<
  &amp#27;[32mAnd &amp#27;[0m&amp#27;[32mUser should get warning message&amp#27;[0m             &amp#27;[90m# stepdefinitions.LogiDef.user_should_get_warning_message()&amp#27;[0m
]]></system-out>
  </testcase>
</testsuite>